<?xml version="1.0" encoding="UTF-8"?>
<!-- Generated by org.testng.reporters.JUnitReportReporter -->
<testsuite hostname="Pavans-MacBook-Air.local" failures="0" tests="1" name="TestRunner.TestRunner" time="16.464" errors="0" timestamp="7 Jan 2022 07:57:19 GMT">
  <testcase classname="TestRunner.TestRunner" name="runScenario" time="16.464"/>
</testsuite> <!-- TestRunner.TestRunner -->
